<?xml version="1.0" encoding="UTF-8"?>
<!-- Generated by org.testng.reporters.JUnitReportReporter -->
<testsuite skipped="0" hostname="hp12" name="com.mycomany.workset.guru.testcases.LoginWithExcel" tests="4" failures="0" timestamp="26 Aug 2017 13:50:11 GMT" time="28.503" errors="0">
  <testcase name="TestT" time="6.699" classname="com.mycomany.workset.guru.testcases.LoginWithExcel"/>
  <testcase name="TestT" time="6.675" classname="com.mycomany.workset.guru.testcases.LoginWithExcel"/>
  <testcase name="TestT" time="8.411" classname="com.mycomany.workset.guru.testcases.LoginWithExcel"/>
  <testcase name="TestT" time="6.718" classname="com.mycomany.workset.guru.testcases.LoginWithExcel"/>
</testsuite> <!-- com.mycomany.workset.guru.testcases.LoginWithExcel -->
