<?xml version="1.0" encoding="UTF-8"?>
<!-- Generated by org.testng.reporters.JUnitReportReporter -->
<testsuite skipped="0" hostname="hp12" name="com.mycomany.workset.guru.testcases.NewCustomer" tests="1" failures="0" timestamp="27 Aug 2017 14:00:21 GMT" time="10.010" errors="0">
  <testcase name="createCustomer" time="10.010" classname="com.mycomany.workset.guru.testcases.NewCustomer"/>
</testsuite> <!-- com.mycomany.workset.guru.testcases.NewCustomer -->
