<?xml version="1.0" encoding="UTF-8"?>
<!-- Generated by org.testng.reporters.JUnitReportReporter -->
<testsuite skipped="0" hostname="hp12" name="com.mycomany.workset.guru.TestCucumberRunner" tests="1" failures="0" timestamp="28 Aug 2017 10:03:01 GMT" time="0.380" errors="0">
  <testcase name="feature" time="0.380" classname="com.mycomany.workset.guru.TestCucumberRunner"/>
</testsuite> <!-- com.mycomany.workset.guru.TestCucumberRunner -->
