<?xml version="1.0" encoding="UTF-8"?>
<!-- Generated by org.testng.reporters.JUnitReportReporter -->
<testsuite skipped="0" hostname="hp12" name="com.mycomany.workset.guru.testcases.Login" tests="1" failures="0" timestamp="21 Aug 2017 15:50:34 GMT" time="10.759" errors="0">
  <testcase name="doLoginTest" time="10.759" classname="com.mycomany.workset.guru.testcases.Login"/>
</testsuite> <!-- com.mycomany.workset.guru.testcases.Login -->
